{"/Users/jasnoo/Desktop/TestAutomationProj/confirmValidFiles.js": {"path":"/Users/jasnoo/Desktop/TestAutomationProj/confirmValidFiles.js","statementMap":{"0":{"start":{"line":1,"column":11},"end":{"line":1,"column":24}},"1":{"start":{"line":2,"column":11},"end":{"line":2,"column":26}},"2":{"start":{"line":10,"column":2},"end":{"line":12,"column":3}},"3":{"start":{"line":11,"column":4},"end":{"line":11,"column":52}},"4":{"start":{"line":13,"column":2},"end":{"line":13,"column":13}},"5":{"start":{"line":18,"column":2},"end":{"line":28,"column":20}},"6":{"start":{"line":19,"column":4},"end":{"line":19,"column":52}},"7":{"start":{"line":20,"column":9},"end":{"line":28,"column":20}},"8":{"start":{"line":25,"column":4},"end":{"line":25,"column":50}},"9":{"start":{"line":26,"column":9},"end":{"line":28,"column":20}},"10":{"start":{"line":27,"column":4},"end":{"line":27,"column":64}},"11":{"start":{"line":28,"column":9},"end":{"line":28,"column":20}},"12":{"start":{"line":33,"column":2},"end":{"line":33,"column":66}},"13":{"start":{"line":33,"column":28},"end":{"line":33,"column":64}},"14":{"start":{"line":34,"column":2},"end":{"line":37,"column":18}},"15":{"start":{"line":35,"column":4},"end":{"line":35,"column":40}},"16":{"start":{"line":37,"column":7},"end":{"line":37,"column":18}},"17":{"start":{"line":43,"column":2},"end":{"line":47,"column":20}},"18":{"start":{"line":44,"column":4},"end":{"line":44,"column":55}},"19":{"start":{"line":45,"column":9},"end":{"line":47,"column":20}},"20":{"start":{"line":46,"column":4},"end":{"line":46,"column":43}},"21":{"start":{"line":47,"column":9},"end":{"line":47,"column":20}},"22":{"start":{"line":52,"column":2},"end":{"line":58,"column":3}},"23":{"start":{"line":53,"column":4},"end":{"line":53,"column":52}},"24":{"start":{"line":55,"column":23},"end":{"line":55,"column":83}},"25":{"start":{"line":55,"column":53},"end":{"line":55,"column":82}},"26":{"start":{"line":56,"column":4},"end":{"line":56,"column":106}},"27":{"start":{"line":56,"column":48},"end":{"line":56,"column":106}},"28":{"start":{"line":57,"column":4},"end":{"line":57,"column":15}},"29":{"start":{"line":72,"column":2},"end":{"line":72,"column":26}},"30":{"start":{"line":74,"column":2},"end":{"line":74,"column":36}},"31":{"start":{"line":76,"column":2},"end":{"line":76,"column":31}},"32":{"start":{"line":79,"column":2},"end":{"line":82,"column":3}},"33":{"start":{"line":80,"column":4},"end":{"line":80,"column":24}},"34":{"start":{"line":81,"column":4},"end":{"line":81,"column":25}},"35":{"start":{"line":84,"column":2},"end":{"line":84,"column":13}},"36":{"start":{"line":88,"column":0},"end":{"line":95,"column":1}}},"fnMap":{"0":{"name":"checkforFileArr","decl":{"start":{"line":9,"column":9},"end":{"line":9,"column":24}},"loc":{"start":{"line":9,"column":36},"end":{"line":14,"column":1}},"line":9},"1":{"name":"checkFileCount","decl":{"start":{"line":17,"column":9},"end":{"line":17,"column":23}},"loc":{"start":{"line":17,"column":50},"end":{"line":29,"column":1}},"line":17},"2":{"name":"checkForCsvExt","decl":{"start":{"line":32,"column":9},"end":{"line":32,"column":23}},"loc":{"start":{"line":32,"column":30},"end":{"line":39,"column":1}},"line":32},"3":{"name":"checkFileExists","decl":{"start":{"line":42,"column":9},"end":{"line":42,"column":24}},"loc":{"start":{"line":42,"column":31},"end":{"line":48,"column":1}},"line":42},"4":{"name":"checkForNoDuplicates","decl":{"start":{"line":51,"column":9},"end":{"line":51,"column":29}},"loc":{"start":{"line":51,"column":41},"end":{"line":60,"column":1}},"line":51},"5":{"name":"(anonymous_5)","decl":{"start":{"line":55,"column":40},"end":{"line":55,"column":41}},"loc":{"start":{"line":55,"column":53},"end":{"line":55,"column":82}},"line":55},"6":{"name":"isValidFileArray","decl":{"start":{"line":66,"column":9},"end":{"line":66,"column":25}},"loc":{"start":{"line":66,"column":46},"end":{"line":86,"column":1}},"line":66}},"branchMap":{"0":{"loc":{"start":{"line":10,"column":2},"end":{"line":12,"column":3}},"type":"if","locations":[{"start":{"line":10,"column":2},"end":{"line":12,"column":3}},{"start":{},"end":{}}],"line":10},"1":{"loc":{"start":{"line":18,"column":2},"end":{"line":28,"column":20}},"type":"if","locations":[{"start":{"line":18,"column":2},"end":{"line":28,"column":20}},{"start":{"line":20,"column":9},"end":{"line":28,"column":20}}],"line":18},"2":{"loc":{"start":{"line":20,"column":9},"end":{"line":28,"column":20}},"type":"if","locations":[{"start":{"line":20,"column":9},"end":{"line":28,"column":20}},{"start":{"line":26,"column":9},"end":{"line":28,"column":20}}],"line":20},"3":{"loc":{"start":{"line":21,"column":4},"end":{"line":23,"column":20}},"type":"binary-expr","locations":[{"start":{"line":21,"column":4},"end":{"line":21,"column":37}},{"start":{"line":22,"column":4},"end":{"line":22,"column":22}},{"start":{"line":23,"column":5},"end":{"line":23,"column":19}}],"line":21},"4":{"loc":{"start":{"line":26,"column":9},"end":{"line":28,"column":20}},"type":"if","locations":[{"start":{"line":26,"column":9},"end":{"line":28,"column":20}},{"start":{"line":28,"column":9},"end":{"line":28,"column":20}}],"line":26},"5":{"loc":{"start":{"line":26,"column":13},"end":{"line":26,"column":73}},"type":"binary-expr","locations":[{"start":{"line":26,"column":13},"end":{"line":26,"column":35}},{"start":{"line":26,"column":39},"end":{"line":26,"column":73}}],"line":26},"6":{"loc":{"start":{"line":33,"column":2},"end":{"line":33,"column":66}},"type":"if","locations":[{"start":{"line":33,"column":2},"end":{"line":33,"column":66}},{"start":{},"end":{}}],"line":33},"7":{"loc":{"start":{"line":34,"column":2},"end":{"line":37,"column":18}},"type":"if","locations":[{"start":{"line":34,"column":2},"end":{"line":37,"column":18}},{"start":{"line":37,"column":7},"end":{"line":37,"column":18}}],"line":34},"8":{"loc":{"start":{"line":34,"column":6},"end":{"line":34,"column":63}},"type":"binary-expr","locations":[{"start":{"line":34,"column":6},"end":{"line":34,"column":30}},{"start":{"line":34,"column":34},"end":{"line":34,"column":63}}],"line":34},"9":{"loc":{"start":{"line":43,"column":2},"end":{"line":47,"column":20}},"type":"if","locations":[{"start":{"line":43,"column":2},"end":{"line":47,"column":20}},{"start":{"line":45,"column":9},"end":{"line":47,"column":20}}],"line":43},"10":{"loc":{"start":{"line":43,"column":6},"end":{"line":43,"column":39}},"type":"binary-expr","locations":[{"start":{"line":43,"column":6},"end":{"line":43,"column":30}},{"start":{"line":43,"column":34},"end":{"line":43,"column":39}}],"line":43},"11":{"loc":{"start":{"line":45,"column":9},"end":{"line":47,"column":20}},"type":"if","locations":[{"start":{"line":45,"column":9},"end":{"line":47,"column":20}},{"start":{"line":47,"column":9},"end":{"line":47,"column":20}}],"line":45},"12":{"loc":{"start":{"line":52,"column":2},"end":{"line":58,"column":3}},"type":"if","locations":[{"start":{"line":52,"column":2},"end":{"line":58,"column":3}},{"start":{"line":54,"column":9},"end":{"line":58,"column":3}}],"line":52},"13":{"loc":{"start":{"line":56,"column":4},"end":{"line":56,"column":106}},"type":"if","locations":[{"start":{"line":56,"column":4},"end":{"line":56,"column":106}},{"start":{},"end":{}}],"line":56}},"s":{"0":1,"1":1,"2":10,"3":3,"4":7,"5":12,"6":1,"7":11,"8":2,"9":9,"10":4,"11":5,"12":10,"13":1,"14":9,"15":3,"16":6,"17":9,"18":2,"19":7,"20":2,"21":5,"22":7,"23":1,"24":6,"25":14,"26":6,"27":2,"28":4,"29":6,"30":5,"31":4,"32":3,"33":6,"34":5,"35":1,"36":1},"f":{"0":10,"1":12,"2":10,"3":9,"4":7,"5":14,"6":6},"b":{"0":[3,7],"1":[1,11],"2":[2,9],"3":[11,9,9],"4":[4,5],"5":[9,8],"6":[1,9],"7":[3,6],"8":[9,8],"9":[2,7],"10":[9,7],"11":[2,5],"12":[1,6],"13":[2,4]},"_coverageSchema":"1a1c01bbd47fc00a2c39e90264f33305004495a9","hash":"7d6e37896c30830e58f93489a971b8a68c99d5e2"}
,"/Users/jasnoo/Desktop/TestAutomationProj/convertCSVdata.js": {"path":"/Users/jasnoo/Desktop/TestAutomationProj/convertCSVdata.js","statementMap":{"0":{"start":{"line":1,"column":11},"end":{"line":1,"column":24}},"1":{"start":{"line":2,"column":17},"end":{"line":2,"column":36}},"2":{"start":{"line":9,"column":2},"end":{"line":9,"column":47}},"3":{"start":{"line":9,"column":35},"end":{"line":9,"column":47}},"4":{"start":{"line":10,"column":2},"end":{"line":10,"column":42}},"5":{"start":{"line":10,"column":30},"end":{"line":10,"column":42}},"6":{"start":{"line":11,"column":2},"end":{"line":11,"column":60}},"7":{"start":{"line":11,"column":48},"end":{"line":11,"column":60}},"8":{"start":{"line":12,"column":24},"end":{"line":12,"column":28}},"9":{"start":{"line":13,"column":2},"end":{"line":17,"column":4}},"10":{"start":{"line":14,"column":4},"end":{"line":16,"column":5}},"11":{"start":{"line":15,"column":6},"end":{"line":15,"column":29}},"12":{"start":{"line":18,"column":2},"end":{"line":18,"column":25}},"13":{"start":{"line":24,"column":2},"end":{"line":24,"column":89}},"14":{"start":{"line":24,"column":77},"end":{"line":24,"column":89}},"15":{"start":{"line":25,"column":16},"end":{"line":25,"column":20}},"16":{"start":{"line":26,"column":2},"end":{"line":41,"column":4}},"17":{"start":{"line":28,"column":4},"end":{"line":28,"column":32}},"18":{"start":{"line":29,"column":4},"end":{"line":39,"column":5}},"19":{"start":{"line":30,"column":6},"end":{"line":32,"column":7}},"20":{"start":{"line":31,"column":8},"end":{"line":31,"column":23}},"21":{"start":{"line":33,"column":6},"end":{"line":33,"column":42}},"22":{"start":{"line":34,"column":6},"end":{"line":36,"column":7}},"23":{"start":{"line":35,"column":8},"end":{"line":35,"column":23}},"24":{"start":{"line":37,"column":11},"end":{"line":39,"column":5}},"25":{"start":{"line":38,"column":6},"end":{"line":38,"column":21}},"26":{"start":{"line":42,"column":2},"end":{"line":42,"column":16}},"27":{"start":{"line":50,"column":18},"end":{"line":50,"column":27}},"28":{"start":{"line":52,"column":2},"end":{"line":83,"column":4}},"29":{"start":{"line":53,"column":22},"end":{"line":53,"column":51}},"30":{"start":{"line":54,"column":15},"end":{"line":54,"column":61}},"31":{"start":{"line":55,"column":27},"end":{"line":55,"column":32}},"32":{"start":{"line":57,"column":4},"end":{"line":74,"column":6}},"33":{"start":{"line":58,"column":24},"end":{"line":58,"column":38}},"34":{"start":{"line":61,"column":6},"end":{"line":73,"column":7}},"35":{"start":{"line":62,"column":8},"end":{"line":64,"column":9}},"36":{"start":{"line":63,"column":10},"end":{"line":63,"column":66}},"37":{"start":{"line":65,"column":8},"end":{"line":65,"column":32}},"38":{"start":{"line":70,"column":8},"end":{"line":72,"column":9}},"39":{"start":{"line":71,"column":10},"end":{"line":71,"column":58}},"40":{"start":{"line":76,"column":4},"end":{"line":78,"column":7}},"41":{"start":{"line":77,"column":6},"end":{"line":77,"column":61}},"42":{"start":{"line":80,"column":4},"end":{"line":82,"column":6}},"43":{"start":{"line":81,"column":6},"end":{"line":81,"column":22}},"44":{"start":{"line":86,"column":0},"end":{"line":90,"column":1}}},"fnMap":{"0":{"name":"validateHeader","decl":{"start":{"line":8,"column":9},"end":{"line":8,"column":23}},"loc":{"start":{"line":8,"column":49},"end":{"line":19,"column":1}},"line":8},"1":{"name":"(anonymous_1)","decl":{"start":{"line":13,"column":17},"end":{"line":13,"column":18}},"loc":{"start":{"line":13,"column":30},"end":{"line":17,"column":3}},"line":13},"2":{"name":"rowHasValidFields","decl":{"start":{"line":22,"column":9},"end":{"line":22,"column":26}},"loc":{"start":{"line":22,"column":47},"end":{"line":43,"column":1}},"line":22},"3":{"name":"(anonymous_3)","decl":{"start":{"line":26,"column":17},"end":{"line":26,"column":18}},"loc":{"start":{"line":26,"column":31},"end":{"line":41,"column":3}},"line":26},"4":{"name":"readCsvFile","decl":{"start":{"line":49,"column":15},"end":{"line":49,"column":26}},"loc":{"start":{"line":49,"column":60},"end":{"line":84,"column":1}},"line":49},"5":{"name":"(anonymous_5)","decl":{"start":{"line":52,"column":21},"end":{"line":52,"column":22}},"loc":{"start":{"line":52,"column":42},"end":{"line":83,"column":3}},"line":52},"6":{"name":"(anonymous_6)","decl":{"start":{"line":57,"column":18},"end":{"line":57,"column":19}},"loc":{"start":{"line":57,"column":27},"end":{"line":74,"column":5}},"line":57},"7":{"name":"(anonymous_7)","decl":{"start":{"line":76,"column":19},"end":{"line":76,"column":20}},"loc":{"start":{"line":76,"column":34},"end":{"line":78,"column":5}},"line":76},"8":{"name":"(anonymous_8)","decl":{"start":{"line":80,"column":19},"end":{"line":80,"column":20}},"loc":{"start":{"line":80,"column":25},"end":{"line":82,"column":5}},"line":80}},"branchMap":{"0":{"loc":{"start":{"line":9,"column":2},"end":{"line":9,"column":47}},"type":"if","locations":[{"start":{"line":9,"column":2},"end":{"line":9,"column":47}},{"start":{},"end":{}}],"line":9},"1":{"loc":{"start":{"line":9,"column":6},"end":{"line":9,"column":33}},"type":"binary-expr","locations":[{"start":{"line":9,"column":6},"end":{"line":9,"column":13}},{"start":{"line":9,"column":17},"end":{"line":9,"column":33}}],"line":9},"2":{"loc":{"start":{"line":10,"column":2},"end":{"line":10,"column":42}},"type":"if","locations":[{"start":{"line":10,"column":2},"end":{"line":10,"column":42}},{"start":{},"end":{}}],"line":10},"3":{"loc":{"start":{"line":11,"column":2},"end":{"line":11,"column":60}},"type":"if","locations":[{"start":{"line":11,"column":2},"end":{"line":11,"column":60}},{"start":{},"end":{}}],"line":11},"4":{"loc":{"start":{"line":14,"column":4},"end":{"line":16,"column":5}},"type":"if","locations":[{"start":{"line":14,"column":4},"end":{"line":16,"column":5}},{"start":{},"end":{}}],"line":14},"5":{"loc":{"start":{"line":14,"column":8},"end":{"line":14,"column":81}},"type":"binary-expr","locations":[{"start":{"line":14,"column":8},"end":{"line":14,"column":13}},{"start":{"line":14,"column":18},"end":{"line":14,"column":80}}],"line":14},"6":{"loc":{"start":{"line":24,"column":2},"end":{"line":24,"column":89}},"type":"if","locations":[{"start":{"line":24,"column":2},"end":{"line":24,"column":89}},{"start":{},"end":{}}],"line":24},"7":{"loc":{"start":{"line":24,"column":6},"end":{"line":24,"column":75}},"type":"binary-expr","locations":[{"start":{"line":24,"column":6},"end":{"line":24,"column":13}},{"start":{"line":24,"column":17},"end":{"line":24,"column":39}},{"start":{"line":24,"column":44},"end":{"line":24,"column":74}}],"line":24},"8":{"loc":{"start":{"line":29,"column":4},"end":{"line":39,"column":5}},"type":"if","locations":[{"start":{"line":29,"column":4},"end":{"line":39,"column":5}},{"start":{"line":37,"column":11},"end":{"line":39,"column":5}}],"line":29},"9":{"loc":{"start":{"line":30,"column":6},"end":{"line":32,"column":7}},"type":"if","locations":[{"start":{"line":30,"column":6},"end":{"line":32,"column":7}},{"start":{},"end":{}}],"line":30},"10":{"loc":{"start":{"line":34,"column":6},"end":{"line":36,"column":7}},"type":"if","locations":[{"start":{"line":34,"column":6},"end":{"line":36,"column":7}},{"start":{},"end":{}}],"line":34},"11":{"loc":{"start":{"line":34,"column":10},"end":{"line":34,"column":50}},"type":"binary-expr","locations":[{"start":{"line":34,"column":10},"end":{"line":34,"column":33}},{"start":{"line":34,"column":37},"end":{"line":34,"column":50}}],"line":34},"12":{"loc":{"start":{"line":37,"column":11},"end":{"line":39,"column":5}},"type":"if","locations":[{"start":{"line":37,"column":11},"end":{"line":39,"column":5}},{"start":{},"end":{}}],"line":37},"13":{"loc":{"start":{"line":61,"column":6},"end":{"line":73,"column":7}},"type":"if","locations":[{"start":{"line":61,"column":6},"end":{"line":73,"column":7}},{"start":{"line":68,"column":13},"end":{"line":73,"column":7}}],"line":61},"14":{"loc":{"start":{"line":62,"column":8},"end":{"line":64,"column":9}},"type":"if","locations":[{"start":{"line":62,"column":8},"end":{"line":64,"column":9}},{"start":{},"end":{}}],"line":62},"15":{"loc":{"start":{"line":70,"column":8},"end":{"line":72,"column":9}},"type":"if","locations":[{"start":{"line":70,"column":8},"end":{"line":72,"column":9}},{"start":{},"end":{}}],"line":70},"16":{"loc":{"start":{"line":70,"column":12},"end":{"line":70,"column":101}},"type":"binary-expr","locations":[{"start":{"line":70,"column":13},"end":{"line":70,"column":52}},{"start":{"line":70,"column":58},"end":{"line":70,"column":100}}],"line":70}},"s":{"0":2,"1":2,"2":12,"3":1,"4":11,"5":1,"6":10,"7":1,"8":9,"9":9,"10":36,"11":6,"12":9,"13":37,"14":3,"15":34,"16":34,"17":136,"18":136,"19":34,"20":13,"21":34,"22":34,"23":15,"24":102,"25":25,"26":34,"27":9,"28":9,"29":9,"30":9,"31":9,"32":9,"33":36,"34":36,"35":7,"36":2,"37":7,"38":29,"39":17,"40":9,"41":2,"42":9,"43":7,"44":2},"f":{"0":12,"1":36,"2":37,"3":136,"4":9,"5":9,"6":36,"7":2,"8":7},"b":{"0":[1,11],"1":[12,12],"2":[1,10],"3":[1,9],"4":[6,30],"5":[36,36],"6":[3,34],"7":[37,37,35],"8":[34,102],"9":[13,21],"10":[15,19],"11":[34,20],"12":[25,77],"13":[7,29],"14":[2,5],"15":[17,12],"16":[29,29]},"_coverageSchema":"1a1c01bbd47fc00a2c39e90264f33305004495a9","hash":"c9c4e08222e639bb62fda14753993c2a9d5da872"}
,"/Users/jasnoo/Desktop/TestAutomationProj/getIntersection.js": {"path":"/Users/jasnoo/Desktop/TestAutomationProj/getIntersection.js","statementMap":{"0":{"start":{"line":1,"column":59},"end":{"line":1,"column":86}},"1":{"start":{"line":2,"column":11},"end":{"line":2,"column":24}},"2":{"start":{"line":8,"column":2},"end":{"line":27,"column":3}},"3":{"start":{"line":9,"column":4},"end":{"line":9,"column":47}},"4":{"start":{"line":10,"column":9},"end":{"line":27,"column":3}},"5":{"start":{"line":11,"column":4},"end":{"line":11,"column":54}},"6":{"start":{"line":13,"column":4},"end":{"line":26,"column":6}},"7":{"start":{"line":14,"column":20},"end":{"line":14,"column":34}},"8":{"start":{"line":15,"column":24},"end":{"line":15,"column":26}},"9":{"start":{"line":16,"column":6},"end":{"line":24,"column":7}},"10":{"start":{"line":17,"column":8},"end":{"line":19,"column":10}},"11":{"start":{"line":18,"column":10},"end":{"line":18,"column":110}},"12":{"start":{"line":21,"column":8},"end":{"line":23,"column":10}},"13":{"start":{"line":22,"column":10},"end":{"line":22,"column":45}},"14":{"start":{"line":25,"column":6},"end":{"line":25,"column":24}},"15":{"start":{"line":35,"column":2},"end":{"line":50,"column":60}},"16":{"start":{"line":36,"column":17},"end":{"line":36,"column":38}},"17":{"start":{"line":37,"column":4},"end":{"line":48,"column":12}},"18":{"start":{"line":39,"column":6},"end":{"line":45,"column":8}},"19":{"start":{"line":41,"column":8},"end":{"line":43,"column":9}},"20":{"start":{"line":42,"column":10},"end":{"line":42,"column":21}},"21":{"start":{"line":46,"column":6},"end":{"line":46,"column":14}},"22":{"start":{"line":50,"column":7},"end":{"line":50,"column":60}},"23":{"start":{"line":59,"column":22},"end":{"line":59,"column":104}},"24":{"start":{"line":59,"column":62},"end":{"line":59,"column":102}},"25":{"start":{"line":62,"column":21},"end":{"line":62,"column":50}},"26":{"start":{"line":64,"column":14},"end":{"line":64,"column":67}},"27":{"start":{"line":66,"column":2},"end":{"line":66,"column":14}},"28":{"start":{"line":88,"column":0},"end":{"line":88,"column":75}}},"fnMap":{"0":{"name":"createUserObject","decl":{"start":{"line":7,"column":9},"end":{"line":7,"column":25}},"loc":{"start":{"line":7,"column":58},"end":{"line":30,"column":1}},"line":7},"1":{"name":"(anonymous_1)","decl":{"start":{"line":13,"column":28},"end":{"line":13,"column":29}},"loc":{"start":{"line":13,"column":35},"end":{"line":26,"column":5}},"line":13},"2":{"name":"(anonymous_2)","decl":{"start":{"line":17,"column":24},"end":{"line":17,"column":25}},"loc":{"start":{"line":17,"column":38},"end":{"line":19,"column":9}},"line":17},"3":{"name":"(anonymous_3)","decl":{"start":{"line":21,"column":24},"end":{"line":21,"column":25}},"loc":{"start":{"line":21,"column":38},"end":{"line":23,"column":9}},"line":21},"4":{"name":"reduceUserSets","decl":{"start":{"line":34,"column":9},"end":{"line":34,"column":23}},"loc":{"start":{"line":34,"column":41},"end":{"line":52,"column":1}},"line":34},"5":{"name":"(anonymous_5)","decl":{"start":{"line":37,"column":34},"end":{"line":37,"column":35}},"loc":{"start":{"line":37,"column":46},"end":{"line":48,"column":5}},"line":37},"6":{"name":"(anonymous_6)","decl":{"start":{"line":39,"column":16},"end":{"line":39,"column":17}},"loc":{"start":{"line":39,"column":21},"end":{"line":45,"column":7}},"line":39},"7":{"name":"getIntersectionOfArr","decl":{"start":{"line":55,"column":15},"end":{"line":55,"column":35}},"loc":{"start":{"line":55,"column":70},"end":{"line":67,"column":1}},"line":55},"8":{"name":"(anonymous_8)","decl":{"start":{"line":59,"column":54},"end":{"line":59,"column":55}},"loc":{"start":{"line":59,"column":62},"end":{"line":59,"column":102}},"line":59}},"branchMap":{"0":{"loc":{"start":{"line":8,"column":2},"end":{"line":27,"column":3}},"type":"if","locations":[{"start":{"line":8,"column":2},"end":{"line":27,"column":3}},{"start":{"line":10,"column":9},"end":{"line":27,"column":3}}],"line":8},"1":{"loc":{"start":{"line":10,"column":9},"end":{"line":27,"column":3}},"type":"if","locations":[{"start":{"line":10,"column":9},"end":{"line":27,"column":3}},{"start":{"line":12,"column":9},"end":{"line":27,"column":3}}],"line":10},"2":{"loc":{"start":{"line":10,"column":13},"end":{"line":10,"column":56}},"type":"binary-expr","locations":[{"start":{"line":10,"column":13},"end":{"line":10,"column":25}},{"start":{"line":10,"column":29},"end":{"line":10,"column":56}}],"line":10},"3":{"loc":{"start":{"line":16,"column":6},"end":{"line":24,"column":7}},"type":"if","locations":[{"start":{"line":16,"column":6},"end":{"line":24,"column":7}},{"start":{"line":20,"column":13},"end":{"line":24,"column":7}}],"line":16},"4":{"loc":{"start":{"line":18,"column":10},"end":{"line":18,"column":110}},"type":"cond-expr","locations":[{"start":{"line":18,"column":27},"end":{"line":18,"column":72}},{"start":{"line":18,"column":75},"end":{"line":18,"column":110}}],"line":18},"5":{"loc":{"start":{"line":35,"column":2},"end":{"line":50,"column":60}},"type":"if","locations":[{"start":{"line":35,"column":2},"end":{"line":50,"column":60}},{"start":{"line":50,"column":7},"end":{"line":50,"column":60}}],"line":35},"6":{"loc":{"start":{"line":41,"column":8},"end":{"line":43,"column":9}},"type":"if","locations":[{"start":{"line":41,"column":8},"end":{"line":43,"column":9}},{"start":{},"end":{}}],"line":41}},"s":{"0":1,"1":1,"2":6,"3":1,"4":5,"5":1,"6":4,"7":6,"8":6,"9":6,"10":4,"11":16,"12":2,"13":8,"14":6,"15":4,"16":3,"17":3,"18":2,"19":5,"20":2,"21":2,"22":1,"23":1,"24":2,"25":1,"26":1,"27":1,"28":1},"f":{"0":6,"1":6,"2":16,"3":8,"4":4,"5":2,"6":5,"7":1,"8":2},"b":{"0":[1,5],"1":[1,4],"2":[5,5],"3":[4,2],"4":[4,12],"5":[3,1],"6":[2,3]},"_coverageSchema":"1a1c01bbd47fc00a2c39e90264f33305004495a9","hash":"461a72d500d2a4cc7375622e26712f3749a84af0"}
}
