{"/Users/jasnoo/Desktop/TestAutomationProj/confirmValidFiles.js": {"path":"/Users/jasnoo/Desktop/TestAutomationProj/confirmValidFiles.js","statementMap":{"0":{"start":{"line":1,"column":11},"end":{"line":1,"column":24}},"1":{"start":{"line":2,"column":11},"end":{"line":2,"column":26}},"2":{"start":{"line":5,"column":19},"end":{"line":5,"column":20}},"3":{"start":{"line":10,"column":2},"end":{"line":12,"column":3}},"4":{"start":{"line":11,"column":4},"end":{"line":11,"column":52}},"5":{"start":{"line":13,"column":2},"end":{"line":13,"column":13}},"6":{"start":{"line":18,"column":2},"end":{"line":28,"column":20}},"7":{"start":{"line":19,"column":4},"end":{"line":19,"column":52}},"8":{"start":{"line":20,"column":9},"end":{"line":28,"column":20}},"9":{"start":{"line":25,"column":4},"end":{"line":25,"column":50}},"10":{"start":{"line":26,"column":9},"end":{"line":28,"column":20}},"11":{"start":{"line":27,"column":4},"end":{"line":27,"column":64}},"12":{"start":{"line":28,"column":9},"end":{"line":28,"column":20}},"13":{"start":{"line":33,"column":2},"end":{"line":33,"column":66}},"14":{"start":{"line":33,"column":28},"end":{"line":33,"column":64}},"15":{"start":{"line":34,"column":2},"end":{"line":37,"column":18}},"16":{"start":{"line":35,"column":4},"end":{"line":35,"column":40}},"17":{"start":{"line":37,"column":7},"end":{"line":37,"column":18}},"18":{"start":{"line":43,"column":2},"end":{"line":47,"column":20}},"19":{"start":{"line":44,"column":4},"end":{"line":44,"column":55}},"20":{"start":{"line":45,"column":9},"end":{"line":47,"column":20}},"21":{"start":{"line":46,"column":4},"end":{"line":46,"column":43}},"22":{"start":{"line":47,"column":9},"end":{"line":47,"column":20}},"23":{"start":{"line":52,"column":2},"end":{"line":58,"column":3}},"24":{"start":{"line":53,"column":4},"end":{"line":53,"column":52}},"25":{"start":{"line":55,"column":23},"end":{"line":55,"column":83}},"26":{"start":{"line":55,"column":53},"end":{"line":55,"column":82}},"27":{"start":{"line":56,"column":4},"end":{"line":56,"column":106}},"28":{"start":{"line":56,"column":48},"end":{"line":56,"column":106}},"29":{"start":{"line":57,"column":4},"end":{"line":57,"column":15}},"30":{"start":{"line":72,"column":2},"end":{"line":72,"column":26}},"31":{"start":{"line":74,"column":2},"end":{"line":74,"column":36}},"32":{"start":{"line":76,"column":2},"end":{"line":76,"column":29}},"33":{"start":{"line":79,"column":2},"end":{"line":82,"column":3}},"34":{"start":{"line":80,"column":4},"end":{"line":80,"column":24}},"35":{"start":{"line":81,"column":4},"end":{"line":81,"column":25}},"36":{"start":{"line":84,"column":2},"end":{"line":84,"column":13}},"37":{"start":{"line":88,"column":0},"end":{"line":96,"column":1}}},"fnMap":{"0":{"name":"checkforFileArr","decl":{"start":{"line":9,"column":9},"end":{"line":9,"column":24}},"loc":{"start":{"line":9,"column":36},"end":{"line":14,"column":1}},"line":9},"1":{"name":"checkFileCount","decl":{"start":{"line":17,"column":9},"end":{"line":17,"column":23}},"loc":{"start":{"line":17,"column":50},"end":{"line":29,"column":1}},"line":17},"2":{"name":"checkForCsvExt","decl":{"start":{"line":32,"column":9},"end":{"line":32,"column":23}},"loc":{"start":{"line":32,"column":30},"end":{"line":39,"column":1}},"line":32},"3":{"name":"checkFileExists","decl":{"start":{"line":42,"column":9},"end":{"line":42,"column":24}},"loc":{"start":{"line":42,"column":31},"end":{"line":48,"column":1}},"line":42},"4":{"name":"checkForDuplicates","decl":{"start":{"line":51,"column":9},"end":{"line":51,"column":27}},"loc":{"start":{"line":51,"column":39},"end":{"line":60,"column":1}},"line":51},"5":{"name":"(anonymous_5)","decl":{"start":{"line":55,"column":40},"end":{"line":55,"column":41}},"loc":{"start":{"line":55,"column":53},"end":{"line":55,"column":82}},"line":55},"6":{"name":"isValidFileArray","decl":{"start":{"line":66,"column":9},"end":{"line":66,"column":25}},"loc":{"start":{"line":66,"column":46},"end":{"line":86,"column":1}},"line":66}},"branchMap":{"0":{"loc":{"start":{"line":10,"column":2},"end":{"line":12,"column":3}},"type":"if","locations":[{"start":{"line":10,"column":2},"end":{"line":12,"column":3}},{"start":{},"end":{}}],"line":10},"1":{"loc":{"start":{"line":18,"column":2},"end":{"line":28,"column":20}},"type":"if","locations":[{"start":{"line":18,"column":2},"end":{"line":28,"column":20}},{"start":{"line":20,"column":9},"end":{"line":28,"column":20}}],"line":18},"2":{"loc":{"start":{"line":20,"column":9},"end":{"line":28,"column":20}},"type":"if","locations":[{"start":{"line":20,"column":9},"end":{"line":28,"column":20}},{"start":{"line":26,"column":9},"end":{"line":28,"column":20}}],"line":20},"3":{"loc":{"start":{"line":21,"column":4},"end":{"line":23,"column":20}},"type":"binary-expr","locations":[{"start":{"line":21,"column":4},"end":{"line":21,"column":37}},{"start":{"line":22,"column":4},"end":{"line":22,"column":22}},{"start":{"line":23,"column":5},"end":{"line":23,"column":19}}],"line":21},"4":{"loc":{"start":{"line":26,"column":9},"end":{"line":28,"column":20}},"type":"if","locations":[{"start":{"line":26,"column":9},"end":{"line":28,"column":20}},{"start":{"line":28,"column":9},"end":{"line":28,"column":20}}],"line":26},"5":{"loc":{"start":{"line":26,"column":13},"end":{"line":26,"column":73}},"type":"binary-expr","locations":[{"start":{"line":26,"column":13},"end":{"line":26,"column":35}},{"start":{"line":26,"column":39},"end":{"line":26,"column":73}}],"line":26},"6":{"loc":{"start":{"line":33,"column":2},"end":{"line":33,"column":66}},"type":"if","locations":[{"start":{"line":33,"column":2},"end":{"line":33,"column":66}},{"start":{},"end":{}}],"line":33},"7":{"loc":{"start":{"line":34,"column":2},"end":{"line":37,"column":18}},"type":"if","locations":[{"start":{"line":34,"column":2},"end":{"line":37,"column":18}},{"start":{"line":37,"column":7},"end":{"line":37,"column":18}}],"line":34},"8":{"loc":{"start":{"line":34,"column":6},"end":{"line":34,"column":63}},"type":"binary-expr","locations":[{"start":{"line":34,"column":6},"end":{"line":34,"column":30}},{"start":{"line":34,"column":34},"end":{"line":34,"column":63}}],"line":34},"9":{"loc":{"start":{"line":43,"column":2},"end":{"line":47,"column":20}},"type":"if","locations":[{"start":{"line":43,"column":2},"end":{"line":47,"column":20}},{"start":{"line":45,"column":9},"end":{"line":47,"column":20}}],"line":43},"10":{"loc":{"start":{"line":43,"column":6},"end":{"line":43,"column":39}},"type":"binary-expr","locations":[{"start":{"line":43,"column":6},"end":{"line":43,"column":30}},{"start":{"line":43,"column":34},"end":{"line":43,"column":39}}],"line":43},"11":{"loc":{"start":{"line":45,"column":9},"end":{"line":47,"column":20}},"type":"if","locations":[{"start":{"line":45,"column":9},"end":{"line":47,"column":20}},{"start":{"line":47,"column":9},"end":{"line":47,"column":20}}],"line":45},"12":{"loc":{"start":{"line":52,"column":2},"end":{"line":58,"column":3}},"type":"if","locations":[{"start":{"line":52,"column":2},"end":{"line":58,"column":3}},{"start":{"line":54,"column":9},"end":{"line":58,"column":3}}],"line":52},"13":{"loc":{"start":{"line":56,"column":4},"end":{"line":56,"column":106}},"type":"if","locations":[{"start":{"line":56,"column":4},"end":{"line":56,"column":106}},{"start":{},"end":{}}],"line":56}},"s":{"0":1,"1":1,"2":1,"3":10,"4":3,"5":7,"6":12,"7":1,"8":11,"9":2,"10":9,"11":4,"12":5,"13":10,"14":1,"15":9,"16":3,"17":6,"18":9,"19":2,"20":7,"21":2,"22":5,"23":7,"24":1,"25":6,"26":14,"27":6,"28":2,"29":4,"30":6,"31":5,"32":4,"33":3,"34":6,"35":5,"36":1,"37":1},"f":{"0":10,"1":12,"2":10,"3":9,"4":7,"5":14,"6":6},"b":{"0":[3,7],"1":[1,11],"2":[2,9],"3":[11,9,9],"4":[4,5],"5":[9,8],"6":[1,9],"7":[3,6],"8":[9,8],"9":[2,7],"10":[9,7],"11":[2,5],"12":[1,6],"13":[2,4]},"_coverageSchema":"1a1c01bbd47fc00a2c39e90264f33305004495a9","hash":"62b8897a6d6f3998e8e9484ba158590d932830b5"}
,"/Users/jasnoo/Desktop/TestAutomationProj/convertCSVdata.js": {"path":"/Users/jasnoo/Desktop/TestAutomationProj/convertCSVdata.js","statementMap":{"0":{"start":{"line":1,"column":11},"end":{"line":1,"column":24}},"1":{"start":{"line":2,"column":17},"end":{"line":2,"column":36}},"2":{"start":{"line":4,"column":11},"end":{"line":4,"column":24}},"3":{"start":{"line":5,"column":11},"end":{"line":5,"column":24}},"4":{"start":{"line":16,"column":2},"end":{"line":16,"column":47}},"5":{"start":{"line":16,"column":35},"end":{"line":16,"column":47}},"6":{"start":{"line":17,"column":2},"end":{"line":17,"column":42}},"7":{"start":{"line":17,"column":30},"end":{"line":17,"column":42}},"8":{"start":{"line":18,"column":2},"end":{"line":18,"column":60}},"9":{"start":{"line":18,"column":48},"end":{"line":18,"column":60}},"10":{"start":{"line":19,"column":24},"end":{"line":19,"column":28}},"11":{"start":{"line":20,"column":2},"end":{"line":24,"column":4}},"12":{"start":{"line":21,"column":4},"end":{"line":23,"column":5}},"13":{"start":{"line":22,"column":6},"end":{"line":22,"column":29}},"14":{"start":{"line":25,"column":2},"end":{"line":25,"column":25}},"15":{"start":{"line":31,"column":2},"end":{"line":31,"column":89}},"16":{"start":{"line":31,"column":77},"end":{"line":31,"column":89}},"17":{"start":{"line":32,"column":16},"end":{"line":32,"column":20}},"18":{"start":{"line":33,"column":2},"end":{"line":46,"column":4}},"19":{"start":{"line":34,"column":4},"end":{"line":34,"column":32}},"20":{"start":{"line":35,"column":4},"end":{"line":45,"column":5}},"21":{"start":{"line":36,"column":6},"end":{"line":38,"column":7}},"22":{"start":{"line":37,"column":8},"end":{"line":37,"column":23}},"23":{"start":{"line":39,"column":6},"end":{"line":39,"column":42}},"24":{"start":{"line":40,"column":6},"end":{"line":42,"column":7}},"25":{"start":{"line":41,"column":8},"end":{"line":41,"column":23}},"26":{"start":{"line":43,"column":11},"end":{"line":45,"column":5}},"27":{"start":{"line":44,"column":6},"end":{"line":44,"column":21}},"28":{"start":{"line":47,"column":2},"end":{"line":47,"column":16}},"29":{"start":{"line":59,"column":16},"end":{"line":59,"column":59}},"30":{"start":{"line":60,"column":21},"end":{"line":60,"column":35}},"31":{"start":{"line":61,"column":19},"end":{"line":61,"column":41}},"32":{"start":{"line":65,"column":18},"end":{"line":65,"column":27}},"33":{"start":{"line":67,"column":2},"end":{"line":96,"column":4}},"34":{"start":{"line":68,"column":27},"end":{"line":68,"column":32}},"35":{"start":{"line":69,"column":22},"end":{"line":69,"column":51}},"36":{"start":{"line":70,"column":15},"end":{"line":70,"column":61}},"37":{"start":{"line":72,"column":4},"end":{"line":87,"column":6}},"38":{"start":{"line":74,"column":24},"end":{"line":74,"column":38}},"39":{"start":{"line":77,"column":6},"end":{"line":82,"column":7}},"40":{"start":{"line":78,"column":8},"end":{"line":80,"column":9}},"41":{"start":{"line":79,"column":10},"end":{"line":79,"column":66}},"42":{"start":{"line":81,"column":8},"end":{"line":81,"column":32}},"43":{"start":{"line":84,"column":6},"end":{"line":86,"column":7}},"44":{"start":{"line":85,"column":8},"end":{"line":85,"column":56}},"45":{"start":{"line":89,"column":4},"end":{"line":91,"column":7}},"46":{"start":{"line":90,"column":6},"end":{"line":90,"column":61}},"47":{"start":{"line":93,"column":4},"end":{"line":95,"column":6}},"48":{"start":{"line":94,"column":6},"end":{"line":94,"column":22}},"49":{"start":{"line":105,"column":0},"end":{"line":114,"column":1}}},"fnMap":{"0":{"name":"validateHeader","decl":{"start":{"line":15,"column":9},"end":{"line":15,"column":23}},"loc":{"start":{"line":15,"column":49},"end":{"line":26,"column":1}},"line":15},"1":{"name":"(anonymous_1)","decl":{"start":{"line":20,"column":17},"end":{"line":20,"column":18}},"loc":{"start":{"line":20,"column":30},"end":{"line":24,"column":3}},"line":20},"2":{"name":"rowHasValidFields","decl":{"start":{"line":30,"column":9},"end":{"line":30,"column":26}},"loc":{"start":{"line":30,"column":47},"end":{"line":48,"column":1}},"line":30},"3":{"name":"(anonymous_3)","decl":{"start":{"line":33,"column":17},"end":{"line":33,"column":18}},"loc":{"start":{"line":33,"column":31},"end":{"line":46,"column":3}},"line":33},"4":{"name":"readCsvFile","decl":{"start":{"line":64,"column":15},"end":{"line":64,"column":26}},"loc":{"start":{"line":64,"column":48},"end":{"line":97,"column":1}},"line":64},"5":{"name":"(anonymous_5)","decl":{"start":{"line":67,"column":21},"end":{"line":67,"column":22}},"loc":{"start":{"line":67,"column":42},"end":{"line":96,"column":3}},"line":67},"6":{"name":"(anonymous_6)","decl":{"start":{"line":72,"column":18},"end":{"line":72,"column":19}},"loc":{"start":{"line":72,"column":27},"end":{"line":87,"column":5}},"line":72},"7":{"name":"(anonymous_7)","decl":{"start":{"line":89,"column":19},"end":{"line":89,"column":20}},"loc":{"start":{"line":89,"column":34},"end":{"line":91,"column":5}},"line":89},"8":{"name":"(anonymous_8)","decl":{"start":{"line":93,"column":19},"end":{"line":93,"column":20}},"loc":{"start":{"line":93,"column":25},"end":{"line":95,"column":5}},"line":93}},"branchMap":{"0":{"loc":{"start":{"line":16,"column":2},"end":{"line":16,"column":47}},"type":"if","locations":[{"start":{"line":16,"column":2},"end":{"line":16,"column":47}},{"start":{},"end":{}}],"line":16},"1":{"loc":{"start":{"line":16,"column":6},"end":{"line":16,"column":33}},"type":"binary-expr","locations":[{"start":{"line":16,"column":6},"end":{"line":16,"column":13}},{"start":{"line":16,"column":17},"end":{"line":16,"column":33}}],"line":16},"2":{"loc":{"start":{"line":17,"column":2},"end":{"line":17,"column":42}},"type":"if","locations":[{"start":{"line":17,"column":2},"end":{"line":17,"column":42}},{"start":{},"end":{}}],"line":17},"3":{"loc":{"start":{"line":18,"column":2},"end":{"line":18,"column":60}},"type":"if","locations":[{"start":{"line":18,"column":2},"end":{"line":18,"column":60}},{"start":{},"end":{}}],"line":18},"4":{"loc":{"start":{"line":21,"column":4},"end":{"line":23,"column":5}},"type":"if","locations":[{"start":{"line":21,"column":4},"end":{"line":23,"column":5}},{"start":{},"end":{}}],"line":21},"5":{"loc":{"start":{"line":21,"column":8},"end":{"line":21,"column":81}},"type":"binary-expr","locations":[{"start":{"line":21,"column":8},"end":{"line":21,"column":13}},{"start":{"line":21,"column":18},"end":{"line":21,"column":80}}],"line":21},"6":{"loc":{"start":{"line":31,"column":2},"end":{"line":31,"column":89}},"type":"if","locations":[{"start":{"line":31,"column":2},"end":{"line":31,"column":89}},{"start":{},"end":{}}],"line":31},"7":{"loc":{"start":{"line":31,"column":6},"end":{"line":31,"column":75}},"type":"binary-expr","locations":[{"start":{"line":31,"column":6},"end":{"line":31,"column":13}},{"start":{"line":31,"column":17},"end":{"line":31,"column":39}},{"start":{"line":31,"column":44},"end":{"line":31,"column":74}}],"line":31},"8":{"loc":{"start":{"line":35,"column":4},"end":{"line":45,"column":5}},"type":"if","locations":[{"start":{"line":35,"column":4},"end":{"line":45,"column":5}},{"start":{"line":43,"column":11},"end":{"line":45,"column":5}}],"line":35},"9":{"loc":{"start":{"line":36,"column":6},"end":{"line":38,"column":7}},"type":"if","locations":[{"start":{"line":36,"column":6},"end":{"line":38,"column":7}},{"start":{},"end":{}}],"line":36},"10":{"loc":{"start":{"line":40,"column":6},"end":{"line":42,"column":7}},"type":"if","locations":[{"start":{"line":40,"column":6},"end":{"line":42,"column":7}},{"start":{},"end":{}}],"line":40},"11":{"loc":{"start":{"line":40,"column":10},"end":{"line":40,"column":50}},"type":"binary-expr","locations":[{"start":{"line":40,"column":10},"end":{"line":40,"column":33}},{"start":{"line":40,"column":37},"end":{"line":40,"column":50}}],"line":40},"12":{"loc":{"start":{"line":43,"column":11},"end":{"line":45,"column":5}},"type":"if","locations":[{"start":{"line":43,"column":11},"end":{"line":45,"column":5}},{"start":{},"end":{}}],"line":43},"13":{"loc":{"start":{"line":77,"column":6},"end":{"line":82,"column":7}},"type":"if","locations":[{"start":{"line":77,"column":6},"end":{"line":82,"column":7}},{"start":{},"end":{}}],"line":77},"14":{"loc":{"start":{"line":78,"column":8},"end":{"line":80,"column":9}},"type":"if","locations":[{"start":{"line":78,"column":8},"end":{"line":80,"column":9}},{"start":{},"end":{}}],"line":78},"15":{"loc":{"start":{"line":84,"column":6},"end":{"line":86,"column":7}},"type":"if","locations":[{"start":{"line":84,"column":6},"end":{"line":86,"column":7}},{"start":{},"end":{}}],"line":84},"16":{"loc":{"start":{"line":84,"column":10},"end":{"line":84,"column":95}},"type":"binary-expr","locations":[{"start":{"line":84,"column":11},"end":{"line":84,"column":46}},{"start":{"line":84,"column":52},"end":{"line":84,"column":94}}],"line":84}},"s":{"0":2,"1":2,"2":2,"3":2,"4":13,"5":1,"6":12,"7":1,"8":11,"9":1,"10":10,"11":10,"12":40,"13":6,"14":10,"15":50,"16":3,"17":47,"18":47,"19":188,"20":188,"21":47,"22":15,"23":47,"24":47,"25":24,"26":141,"27":29,"28":47,"29":2,"30":2,"31":2,"32":10,"33":10,"34":10,"35":10,"36":10,"37":10,"38":42,"39":42,"40":8,"41":2,"42":8,"43":42,"44":21,"45":10,"46":2,"47":10,"48":8,"49":2},"f":{"0":13,"1":40,"2":50,"3":188,"4":10,"5":10,"6":42,"7":2,"8":8},"b":{"0":[1,12],"1":[13,13],"2":[1,11],"3":[1,10],"4":[6,34],"5":[40,40],"6":[3,47],"7":[50,50,48],"8":[47,141],"9":[15,32],"10":[24,23],"11":[47,24],"12":[29,112],"13":[8,34],"14":[2,6],"15":[21,21],"16":[42,42]},"_coverageSchema":"1a1c01bbd47fc00a2c39e90264f33305004495a9","hash":"d8b5919c8e318081b35d378a04806e2578be8f37"}
,"/Users/jasnoo/Desktop/TestAutomationProj/getIntersection.js": {"path":"/Users/jasnoo/Desktop/TestAutomationProj/getIntersection.js","statementMap":{"0":{"start":{"line":1,"column":59},"end":{"line":1,"column":86}},"1":{"start":{"line":8,"column":4},"end":{"line":27,"column":5}},"2":{"start":{"line":9,"column":8},"end":{"line":9,"column":51}},"3":{"start":{"line":10,"column":11},"end":{"line":27,"column":5}},"4":{"start":{"line":11,"column":8},"end":{"line":11,"column":58}},"5":{"start":{"line":13,"column":8},"end":{"line":26,"column":10}},"6":{"start":{"line":14,"column":26},"end":{"line":14,"column":40}},"7":{"start":{"line":15,"column":30},"end":{"line":15,"column":32}},"8":{"start":{"line":16,"column":12},"end":{"line":24,"column":13}},"9":{"start":{"line":17,"column":16},"end":{"line":19,"column":18}},"10":{"start":{"line":18,"column":20},"end":{"line":18,"column":120}},"11":{"start":{"line":21,"column":16},"end":{"line":23,"column":18}},"12":{"start":{"line":22,"column":20},"end":{"line":22,"column":55}},"13":{"start":{"line":25,"column":12},"end":{"line":25,"column":30}},"14":{"start":{"line":35,"column":4},"end":{"line":50,"column":62}},"15":{"start":{"line":36,"column":21},"end":{"line":36,"column":42}},"16":{"start":{"line":37,"column":8},"end":{"line":48,"column":16}},"17":{"start":{"line":39,"column":12},"end":{"line":45,"column":14}},"18":{"start":{"line":41,"column":16},"end":{"line":43,"column":17}},"19":{"start":{"line":42,"column":20},"end":{"line":42,"column":31}},"20":{"start":{"line":46,"column":12},"end":{"line":46,"column":20}},"21":{"start":{"line":50,"column":9},"end":{"line":50,"column":62}},"22":{"start":{"line":60,"column":24},"end":{"line":60,"column":94}},"23":{"start":{"line":60,"column":64},"end":{"line":60,"column":92}},"24":{"start":{"line":64,"column":23},"end":{"line":64,"column":52}},"25":{"start":{"line":67,"column":16},"end":{"line":67,"column":69}},"26":{"start":{"line":69,"column":4},"end":{"line":69,"column":16}},"27":{"start":{"line":74,"column":0},"end":{"line":74,"column":75}}},"fnMap":{"0":{"name":"createUserObject","decl":{"start":{"line":7,"column":9},"end":{"line":7,"column":25}},"loc":{"start":{"line":7,"column":58},"end":{"line":30,"column":1}},"line":7},"1":{"name":"(anonymous_1)","decl":{"start":{"line":13,"column":32},"end":{"line":13,"column":33}},"loc":{"start":{"line":13,"column":39},"end":{"line":26,"column":9}},"line":13},"2":{"name":"(anonymous_2)","decl":{"start":{"line":17,"column":32},"end":{"line":17,"column":33}},"loc":{"start":{"line":17,"column":46},"end":{"line":19,"column":17}},"line":17},"3":{"name":"(anonymous_3)","decl":{"start":{"line":21,"column":32},"end":{"line":21,"column":33}},"loc":{"start":{"line":21,"column":46},"end":{"line":23,"column":17}},"line":21},"4":{"name":"reduceUserSets","decl":{"start":{"line":34,"column":9},"end":{"line":34,"column":23}},"loc":{"start":{"line":34,"column":41},"end":{"line":52,"column":1}},"line":34},"5":{"name":"(anonymous_5)","decl":{"start":{"line":37,"column":38},"end":{"line":37,"column":39}},"loc":{"start":{"line":37,"column":50},"end":{"line":48,"column":9}},"line":37},"6":{"name":"(anonymous_6)","decl":{"start":{"line":39,"column":22},"end":{"line":39,"column":23}},"loc":{"start":{"line":39,"column":27},"end":{"line":45,"column":13}},"line":39},"7":{"name":"getIntersectionOfArr","decl":{"start":{"line":56,"column":15},"end":{"line":56,"column":35}},"loc":{"start":{"line":56,"column":70},"end":{"line":70,"column":1}},"line":56},"8":{"name":"(anonymous_8)","decl":{"start":{"line":60,"column":56},"end":{"line":60,"column":57}},"loc":{"start":{"line":60,"column":64},"end":{"line":60,"column":92}},"line":60}},"branchMap":{"0":{"loc":{"start":{"line":8,"column":4},"end":{"line":27,"column":5}},"type":"if","locations":[{"start":{"line":8,"column":4},"end":{"line":27,"column":5}},{"start":{"line":10,"column":11},"end":{"line":27,"column":5}}],"line":8},"1":{"loc":{"start":{"line":10,"column":11},"end":{"line":27,"column":5}},"type":"if","locations":[{"start":{"line":10,"column":11},"end":{"line":27,"column":5}},{"start":{"line":12,"column":11},"end":{"line":27,"column":5}}],"line":10},"2":{"loc":{"start":{"line":10,"column":15},"end":{"line":10,"column":58}},"type":"binary-expr","locations":[{"start":{"line":10,"column":15},"end":{"line":10,"column":27}},{"start":{"line":10,"column":31},"end":{"line":10,"column":58}}],"line":10},"3":{"loc":{"start":{"line":16,"column":12},"end":{"line":24,"column":13}},"type":"if","locations":[{"start":{"line":16,"column":12},"end":{"line":24,"column":13}},{"start":{"line":20,"column":19},"end":{"line":24,"column":13}}],"line":16},"4":{"loc":{"start":{"line":18,"column":20},"end":{"line":18,"column":120}},"type":"cond-expr","locations":[{"start":{"line":18,"column":37},"end":{"line":18,"column":82}},{"start":{"line":18,"column":85},"end":{"line":18,"column":120}}],"line":18},"5":{"loc":{"start":{"line":35,"column":4},"end":{"line":50,"column":62}},"type":"if","locations":[{"start":{"line":35,"column":4},"end":{"line":50,"column":62}},{"start":{"line":50,"column":9},"end":{"line":50,"column":62}}],"line":35},"6":{"loc":{"start":{"line":41,"column":16},"end":{"line":43,"column":17}},"type":"if","locations":[{"start":{"line":41,"column":16},"end":{"line":43,"column":17}},{"start":{},"end":{}}],"line":41}},"s":{"0":1,"1":7,"2":1,"3":6,"4":1,"5":5,"6":9,"7":9,"8":9,"9":7,"10":28,"11":2,"12":8,"13":9,"14":5,"15":4,"16":4,"17":2,"18":5,"19":2,"20":2,"21":1,"22":2,"23":3,"24":2,"25":2,"26":2,"27":1},"f":{"0":7,"1":9,"2":28,"3":8,"4":5,"5":2,"6":5,"7":2,"8":3},"b":{"0":[1,6],"1":[1,5],"2":[6,6],"3":[7,2],"4":[7,21],"5":[4,1],"6":[2,3]},"_coverageSchema":"1a1c01bbd47fc00a2c39e90264f33305004495a9","hash":"d634b634fd905d991ae6f051bbceb5460e130e4e"}
}
