TN:
SF:confirmValidFiles.js
FN:9,checkforFileArr
FN:17,checkFileCount
FN:32,checkForCsvExt
FN:39,checkFileExists
FN:48,checkForDuplicates
FN:52,(anonymous_5)
FN:63,isValidFileArray
FNF:7
FNH:7
FNDA:10,checkforFileArr
FNDA:12,checkFileCount
FNDA:9,checkForCsvExt
FNDA:9,checkFileExists
FNDA:5,checkForDuplicates
FNDA:10,(anonymous_5)
FNDA:6,isValidFileArray
DA:1,1
DA:2,1
DA:5,1
DA:10,10
DA:11,3
DA:13,7
DA:18,12
DA:19,1
DA:20,11
DA:25,3
DA:26,8
DA:27,3
DA:28,5
DA:33,9
DA:34,3
DA:35,6
DA:40,9
DA:41,2
DA:42,7
DA:43,2
DA:44,5
DA:49,5
DA:50,1
DA:52,10
DA:53,4
DA:54,2
DA:65,6
DA:68,5
DA:71,4
DA:72,6
DA:75,2
DA:77,1
DA:89,1
LF:33
LH:33
BRDA:10,0,0,3
BRDA:10,0,1,7
BRDA:18,1,0,1
BRDA:18,1,1,11
BRDA:20,2,0,3
BRDA:20,2,1,8
BRDA:21,3,0,11
BRDA:21,3,1,9
BRDA:21,3,2,8
BRDA:26,4,0,3
BRDA:26,4,1,5
BRDA:26,5,0,8
BRDA:26,5,1,7
BRDA:33,6,0,3
BRDA:33,6,1,6
BRDA:33,7,0,9
BRDA:33,7,1,8
BRDA:40,8,0,2
BRDA:40,8,1,7
BRDA:40,9,0,9
BRDA:40,9,1,7
BRDA:42,10,0,2
BRDA:42,10,1,5
BRDA:49,11,0,1
BRDA:49,11,1,4
BRDA:53,12,0,2
BRDA:53,12,1,2
BRDA:65,13,0,0
BRDA:65,13,1,5
BRDA:68,14,0,0
BRDA:68,14,1,4
BRDA:72,15,0,0
BRDA:72,15,1,4
BRDA:72,16,0,6
BRDA:72,16,1,5
BRDA:75,17,0,0
BRDA:75,17,1,1
BRF:37
BRH:33
end_of_record
TN:
SF:convertCSVdata.js
FN:15,validateHeader
FN:20,(anonymous_1)
FN:30,rowHasValidFields
FN:33,(anonymous_3)
FN:64,readCsvFile
FN:67,(anonymous_5)
FN:72,(anonymous_6)
FN:89,(anonymous_7)
FN:93,(anonymous_8)
FNF:9
FNH:4
FNDA:5,validateHeader
FNDA:8,(anonymous_1)
FNDA:8,rowHasValidFields
FNDA:20,(anonymous_3)
FNDA:0,readCsvFile
FNDA:0,(anonymous_5)
FNDA:0,(anonymous_6)
FNDA:0,(anonymous_7)
FNDA:0,(anonymous_8)
DA:1,2
DA:2,2
DA:4,2
DA:5,2
DA:16,5
DA:17,4
DA:18,3
DA:19,2
DA:20,2
DA:21,8
DA:22,1
DA:25,2
DA:31,8
DA:32,5
DA:33,5
DA:34,20
DA:35,20
DA:36,5
DA:37,1
DA:39,5
DA:40,5
DA:41,3
DA:43,15
DA:44,1
DA:47,5
DA:59,2
DA:60,2
DA:61,2
DA:65,0
DA:67,0
DA:68,0
DA:69,0
DA:70,0
DA:72,0
DA:74,0
DA:77,0
DA:78,0
DA:79,0
DA:81,0
DA:84,0
DA:85,0
DA:89,0
DA:90,0
DA:93,0
DA:94,0
DA:105,2
LF:46
LH:29
BRDA:16,0,0,1
BRDA:16,0,1,4
BRDA:16,1,0,5
BRDA:16,1,1,5
BRDA:17,2,0,1
BRDA:17,2,1,3
BRDA:18,3,0,1
BRDA:18,3,1,2
BRDA:21,4,0,1
BRDA:21,4,1,7
BRDA:21,5,0,8
BRDA:21,5,1,8
BRDA:31,6,0,3
BRDA:31,6,1,5
BRDA:31,7,0,8
BRDA:31,7,1,8
BRDA:31,7,2,6
BRDA:35,8,0,5
BRDA:35,8,1,15
BRDA:36,9,0,1
BRDA:36,9,1,4
BRDA:40,10,0,3
BRDA:40,10,1,2
BRDA:40,11,0,5
BRDA:40,11,1,3
BRDA:43,12,0,1
BRDA:43,12,1,14
BRDA:77,13,0,0
BRDA:77,13,1,0
BRDA:78,14,0,0
BRDA:78,14,1,0
BRDA:84,15,0,0
BRDA:84,15,1,0
BRDA:84,16,0,0
BRDA:84,16,1,0
BRF:35
BRH:27
end_of_record
TN:
SF:getIntersection.js
FN:9,createUserObject
FN:15,(anonymous_1)
FN:19,(anonymous_2)
FN:23,(anonymous_3)
FN:36,reduceUserSets
FN:39,(anonymous_5)
FN:41,(anonymous_6)
FN:58,getIntersectionOfArr
FN:62,(anonymous_8)
FNF:9
FNH:7
FNDA:5,createUserObject
FNDA:4,(anonymous_1)
FNDA:8,(anonymous_2)
FNDA:8,(anonymous_3)
FNDA:3,reduceUserSets
FNDA:1,(anonymous_5)
FNDA:2,(anonymous_6)
FNDA:0,getIntersectionOfArr
FNDA:0,(anonymous_8)
DA:1,1
DA:10,5
DA:11,1
DA:12,4
DA:13,1
DA:15,3
DA:16,4
DA:17,4
DA:18,4
DA:19,2
DA:20,8
DA:23,2
DA:24,8
DA:27,4
DA:37,3
DA:38,2
DA:39,2
DA:41,1
DA:43,2
DA:44,1
DA:48,1
DA:52,1
DA:62,0
DA:66,0
DA:70,0
DA:72,0
DA:94,1
LF:27
LH:23
BRDA:10,0,0,1
BRDA:10,0,1,4
BRDA:12,1,0,1
BRDA:12,1,1,3
BRDA:12,2,0,4
BRDA:12,2,1,4
BRDA:18,3,0,2
BRDA:18,3,1,2
BRDA:20,4,0,2
BRDA:20,4,1,6
BRDA:37,5,0,2
BRDA:37,5,1,1
BRDA:43,6,0,1
BRDA:43,6,1,1
BRF:14
BRH:14
end_of_record
