TN:
SF:confirmValidFiles.js
FN:9,checkforFileArr
FN:17,checkFileCount
FN:32,checkForCsvExt
FN:42,checkFileExists
FN:51,checkForDuplicates
FN:55,(anonymous_5)
FN:66,isValidFileArray
FNF:7
FNH:7
FNDA:10,checkforFileArr
FNDA:12,checkFileCount
FNDA:10,checkForCsvExt
FNDA:9,checkFileExists
FNDA:7,checkForDuplicates
FNDA:14,(anonymous_5)
FNDA:6,isValidFileArray
DA:1,1
DA:2,1
DA:5,1
DA:10,10
DA:11,3
DA:13,7
DA:18,12
DA:19,1
DA:20,11
DA:25,2
DA:26,9
DA:27,4
DA:28,5
DA:33,10
DA:34,9
DA:35,3
DA:37,6
DA:43,9
DA:44,2
DA:45,7
DA:46,2
DA:47,5
DA:52,7
DA:53,1
DA:55,14
DA:56,6
DA:57,4
DA:72,6
DA:74,5
DA:76,4
DA:79,3
DA:80,6
DA:81,5
DA:84,1
DA:88,1
LF:35
LH:35
BRDA:10,0,0,3
BRDA:10,0,1,7
BRDA:18,1,0,1
BRDA:18,1,1,11
BRDA:20,2,0,2
BRDA:20,2,1,9
BRDA:21,3,0,11
BRDA:21,3,1,9
BRDA:21,3,2,9
BRDA:26,4,0,4
BRDA:26,4,1,5
BRDA:26,5,0,9
BRDA:26,5,1,8
BRDA:33,6,0,1
BRDA:33,6,1,9
BRDA:34,7,0,3
BRDA:34,7,1,6
BRDA:34,8,0,9
BRDA:34,8,1,8
BRDA:43,9,0,2
BRDA:43,9,1,7
BRDA:43,10,0,9
BRDA:43,10,1,7
BRDA:45,11,0,2
BRDA:45,11,1,5
BRDA:52,12,0,1
BRDA:52,12,1,6
BRDA:56,13,0,2
BRDA:56,13,1,4
BRF:29
BRH:29
end_of_record
TN:
SF:convertCSVdata.js
FN:15,validateHeader
FN:20,(anonymous_1)
FN:30,rowHasValidFields
FN:33,(anonymous_3)
FN:64,readCsvFile
FN:67,(anonymous_5)
FN:72,(anonymous_6)
FN:89,(anonymous_7)
FN:93,(anonymous_8)
FNF:9
FNH:9
FNDA:13,validateHeader
FNDA:40,(anonymous_1)
FNDA:50,rowHasValidFields
FNDA:188,(anonymous_3)
FNDA:10,readCsvFile
FNDA:10,(anonymous_5)
FNDA:42,(anonymous_6)
FNDA:2,(anonymous_7)
FNDA:8,(anonymous_8)
DA:1,2
DA:2,2
DA:4,2
DA:5,2
DA:16,13
DA:17,12
DA:18,11
DA:19,10
DA:20,10
DA:21,40
DA:22,6
DA:25,10
DA:31,50
DA:32,47
DA:33,47
DA:34,188
DA:35,188
DA:36,47
DA:37,15
DA:39,47
DA:40,47
DA:41,24
DA:43,141
DA:44,29
DA:47,47
DA:59,2
DA:60,2
DA:61,2
DA:65,10
DA:67,10
DA:68,10
DA:69,10
DA:70,10
DA:72,10
DA:74,42
DA:77,42
DA:78,8
DA:79,2
DA:81,8
DA:84,42
DA:85,21
DA:89,10
DA:90,2
DA:93,10
DA:94,8
DA:105,2
LF:46
LH:46
BRDA:16,0,0,1
BRDA:16,0,1,12
BRDA:16,1,0,13
BRDA:16,1,1,13
BRDA:17,2,0,1
BRDA:17,2,1,11
BRDA:18,3,0,1
BRDA:18,3,1,10
BRDA:21,4,0,6
BRDA:21,4,1,34
BRDA:21,5,0,40
BRDA:21,5,1,40
BRDA:31,6,0,3
BRDA:31,6,1,47
BRDA:31,7,0,50
BRDA:31,7,1,50
BRDA:31,7,2,48
BRDA:35,8,0,47
BRDA:35,8,1,141
BRDA:36,9,0,15
BRDA:36,9,1,32
BRDA:40,10,0,24
BRDA:40,10,1,23
BRDA:40,11,0,47
BRDA:40,11,1,24
BRDA:43,12,0,29
BRDA:43,12,1,112
BRDA:77,13,0,8
BRDA:77,13,1,34
BRDA:78,14,0,2
BRDA:78,14,1,6
BRDA:84,15,0,21
BRDA:84,15,1,21
BRDA:84,16,0,42
BRDA:84,16,1,42
BRF:35
BRH:35
end_of_record
TN:
SF:getIntersection.js
FN:7,createUserObject
FN:13,(anonymous_1)
FN:17,(anonymous_2)
FN:21,(anonymous_3)
FN:34,reduceUserSets
FN:37,(anonymous_5)
FN:39,(anonymous_6)
FN:56,getIntersectionOfArr
FN:60,(anonymous_8)
FNF:9
FNH:9
FNDA:7,createUserObject
FNDA:9,(anonymous_1)
FNDA:28,(anonymous_2)
FNDA:8,(anonymous_3)
FNDA:5,reduceUserSets
FNDA:2,(anonymous_5)
FNDA:5,(anonymous_6)
FNDA:2,getIntersectionOfArr
FNDA:3,(anonymous_8)
DA:1,1
DA:8,7
DA:9,1
DA:10,6
DA:11,1
DA:13,5
DA:14,9
DA:15,9
DA:16,9
DA:17,7
DA:18,28
DA:21,2
DA:22,8
DA:25,9
DA:35,5
DA:36,4
DA:37,4
DA:39,2
DA:41,5
DA:42,2
DA:46,2
DA:50,1
DA:60,3
DA:64,2
DA:67,2
DA:69,2
DA:74,1
LF:27
LH:27
BRDA:8,0,0,1
BRDA:8,0,1,6
BRDA:10,1,0,1
BRDA:10,1,1,5
BRDA:10,2,0,6
BRDA:10,2,1,6
BRDA:16,3,0,7
BRDA:16,3,1,2
BRDA:18,4,0,7
BRDA:18,4,1,21
BRDA:35,5,0,4
BRDA:35,5,1,1
BRDA:41,6,0,2
BRDA:41,6,1,3
BRF:14
BRH:14
end_of_record
